Before balancing: 0:1 = 14272:1535
After balancing: 0:1 = 14272:14272
Precision and Recall on cv
xgboost:
0 : 0.9738562091503268 recall: 0.9772627896808046
1 : 0.9771929824561404 recall: 0.9742020113686052
2 : 0.9823087129588678 recall: 0.9715660542432196
3 : 0.978965819456617 recall: 0.9772528433945756
4 : 0.9823866138265082 recall: 0.9759405074365705
0.978942067569692 recall:  0.9752448412247551

LR:
0 : 0.6926154965441979 recall: 0.8325317009182335
1 : 0.6809506661865322 recall: 0.8268473983384347
2 : 0.6779721528025705 recall: 0.8307086614173228
3 : 0.6794731064763996 recall: 0.8123359580052494
4 : 0.6875 recall: 0.8083989501312336
0.68370228440194 recall:  0.8221645337620949

RandomForest:
0 : 0.7341686420589232 recall: 0.9479667686926104
1 : 0.7292929292929293 recall: 0.9470922606034106
2 : 0.7333558634673877 recall: 0.9492563429571304
3 : 0.733264675592173 recall: 0.9343832020997376
4 : 0.736449864498645 recall: 0.9510061242344707
0.7333063949820117 recall:  0.9459409397174721

GB:
0 : 0.9821038847664775 recall: 0.9838216003498033
1 : 0.9898856640281443 recall: 0.9842588543944032
2 : 0.9855072463768116 recall: 0.9816272965879265
3 : 0.988556338028169 recall: 0.9825021872265967
4 : 0.9837932544897066 recall: 0.9825021872265967
0.9859692775378619 recall:  0.9829424251570652

Precision and Recall on test data
xgboost precision:  0.9774091069537593 recall: 0.975
=== Confusion Matrix ===
0      1        <----classeified as
2805   64      | 0
71     2769    | 1
             precision    recall  f1-score   support

    class 0       0.98      0.98      0.98      2869
    class 1       0.98      0.97      0.98      2840

avg / total       0.98      0.98      0.98      5709


LR:  0.6740634005763688 recall: 0.8235915492957746
=== Confusion Matrix ===
0      1        <----classeified as
1738   1131    | 0
501    2339    | 1
             precision    recall  f1-score   support

    class 0       0.78      0.61      0.68      2869
    class 1       0.67      0.82      0.74      2840

avg / total       0.73      0.71      0.71      5709


Random Forest:  0.7195581896551724 recall: 0.9404929577464789
=== Confusion Matrix ===
0      1        <----classeified as
1828   1041    | 0
169    2671    | 1
             precision    recall  f1-score   support

    class 0       0.92      0.64      0.75      2869
    class 1       0.72      0.94      0.82      2840

avg / total       0.82      0.79      0.78      5709


Gradient Boost:  0.9886725663716814 recall: 0.9834507042253521
=== Confusion Matrix ===
0      1        <----classeified as
2837   32      | 0
47     2793    | 1
             precision    recall  f1-score   support

    class 0       0.98      0.99      0.99      2869
    class 1       0.99      0.98      0.99      2840

avg / total       0.99      0.99      0.99      5709


Training is complete
