Before balancing: 0:1 = 14635:1172
After balancing: 0:1 = 14635:14635
Precision and Recall on cv
xgboost:
0 : 0.985519591141397 recall: 0.9867803837953092
1 : 0.9872286079182631 recall: 0.988912579957356
2 : 0.9867747440273038 recall: 0.9863539445628998
3 : 0.984641638225256 recall: 0.984641638225256
4 : 0.9842217484008529 recall: 0.984641638225256
0.9856772659426145 recall:  0.9862660369532155

LR:
0 : 0.67646042170757 recall: 0.8345415778251599
1 : 0.6722513089005235 recall: 0.8213219616204691
2 : 0.6688011383849164 recall: 0.8017057569296375
3 : 0.6754168144732174 recall: 0.8122866894197952
4 : 0.6708683473389355 recall: 0.8174061433447098
0.6727596061610326 recall:  0.8174524258279543

RandomForest:
0 : 0.758897418004187 recall: 0.9275053304904051
1 : 0.7605144247480013 recall: 0.9330490405117271
2 : 0.7656359803232607 recall: 0.9292110874200427
3 : 0.7608922969675845 recall: 0.9313139931740614
4 : 0.7656579873328642 recall: 0.9283276450511946
0.7623196214751795 recall:  0.9298814193294863

GB:
0 : 0.9918733960650128 recall: 0.988912579957356
1 : 0.9893662271373883 recall: 0.9918976545842217
2 : 0.9935705100728676 recall: 0.9884861407249467
3 : 0.9893253629376602 recall: 0.988481228668942
4 : 0.9897435897435898 recall: 0.9880546075085325
0.9907758171913038 recall:  0.9891664422887997

Precision and Recall on test data
xgboost precision:  0.9852537722908093 recall: 0.9866071428571429
=== Confusion Matrix ===
0      1        <----classeified as
2899   43      | 0
39     2873    | 1
             precision    recall  f1-score   support

    class 0       0.99      0.99      0.99      2942
    class 1       0.99      0.99      0.99      2912

avg / total       0.99      0.99      0.99      5854


LR:  0.6756221719457014 recall: 0.8203983516483516
=== Confusion Matrix ===
0      1        <----classeified as
1795   1147    | 0
523    2389    | 1
             precision    recall  f1-score   support

    class 0       0.77      0.61      0.68      2942
    class 1       0.68      0.82      0.74      2912

avg / total       0.73      0.71      0.71      5854


Random Forest:  0.7548010019482326 recall: 0.9313186813186813
=== Confusion Matrix ===
0      1        <----classeified as
2061   881     | 0
200    2712    | 1
             precision    recall  f1-score   support

    class 0       0.91      0.70      0.79      2942
    class 1       0.75      0.93      0.83      2912

avg / total       0.83      0.82      0.81      5854


Gradient Boost:  0.9927785419532325 recall: 0.9914148351648352
=== Confusion Matrix ===
0      1        <----classeified as
2921   21      | 0
25     2887    | 1
             precision    recall  f1-score   support

    class 0       0.99      0.99      0.99      2942
    class 1       0.99      0.99      0.99      2912

avg / total       0.99      0.99      0.99      5854


Training is complete
